[INFO ] 2019-09-18 15:48:24.289 [main] DemoApplication - Starting DemoApplication on KadambariH-PC-172 with PID 17256 (C:\Users\Kadambari\Desktop\expencemanager\target\classes started by Kadambari in C:\Users\Kadambari\Desktop\expencemanager)
[DEBUG] 2019-09-18 15:48:24.289 [main] DemoApplication - Running with Spring Boot v2.1.8.RELEASE, Spring v5.1.9.RELEASE
[INFO ] 2019-09-18 15:48:24.289 [main] DemoApplication - No active profile set, falling back to default profiles: default
[INFO ] 2019-09-18 15:48:28.527 [main] DemoApplication - Started DemoApplication in 4.521 seconds (JVM running for 5.17)
[INFO ] 2019-09-18 15:48:28.527 [main] DemoApplication - This is a info message
[INFO ] 2019-09-18 15:48:38.216 [http-nio-8080-exec-1] UserController - Username: req33
[DEBUG] 2019-09-18 15:48:38.216 [http-nio-8080-exec-1] UserController - Password: abcde
[INFO ] 2019-09-18 15:51:40.831 [main] DemoApplication - Starting DemoApplication on KadambariH-PC-172 with PID 13460 (C:\Users\Kadambari\Desktop\expencemanager\target\classes started by Kadambari in C:\Users\Kadambari\Desktop\expencemanager)
[INFO ] 2019-09-18 15:51:40.831 [main] DemoApplication - No active profile set, falling back to default profiles: default
[INFO ] 2019-09-18 15:51:44.814 [main] DemoApplication - Started DemoApplication in 4.259 seconds (JVM running for 4.922)
[INFO ] 2019-09-18 15:51:44.814 [main] DemoApplication - This is a info message
[INFO ] 2019-09-18 15:52:09.533 [main] DemoApplication - Starting DemoApplication on KadambariH-PC-172 with PID 5888 (C:\Users\Kadambari\Desktop\expencemanager\target\classes started by Kadambari in C:\Users\Kadambari\Desktop\expencemanager)
[INFO ] 2019-09-18 15:52:09.533 [main] DemoApplication - No active profile set, falling back to default profiles: default
[INFO ] 2019-09-18 15:52:13.258 [main] DemoApplication - Started DemoApplication in 4.009 seconds (JVM running for 4.634)
[INFO ] 2019-09-18 15:52:13.258 [main] DemoApplication - This is a info message
[INFO ] 2019-09-18 15:52:32.206 [main] DemoApplication - Starting DemoApplication on KadambariH-PC-172 with PID 6032 (C:\Users\Kadambari\Desktop\expencemanager\target\classes started by Kadambari in C:\Users\Kadambari\Desktop\expencemanager)
[INFO ] 2019-09-18 15:52:32.206 [main] DemoApplication - No active profile set, falling back to default profiles: default
[INFO ] 2019-09-18 15:52:47.932 [main] DemoApplication - Starting DemoApplication on KadambariH-PC-172 with PID 13284 (C:\Users\Kadambari\Desktop\expencemanager\target\classes started by Kadambari in C:\Users\Kadambari\Desktop\expencemanager)
[INFO ] 2019-09-18 15:52:47.948 [main] DemoApplication - No active profile set, falling back to default profiles: default
[INFO ] 2019-09-18 15:52:52.005 [main] DemoApplication - Started DemoApplication in 4.338 seconds (JVM running for 4.973)
[INFO ] 2019-09-18 15:52:52.005 [main] DemoApplication - This is a info message
[INFO ] 2019-09-18 15:56:20.581 [main] DemoApplication - Starting DemoApplication on KadambariH-PC-172 with PID 17020 (C:\Users\Kadambari\Desktop\expencemanager\target\classes started by Kadambari in C:\Users\Kadambari\Desktop\expencemanager)
[INFO ] 2019-09-18 15:56:20.582 [main] DemoApplication - No active profile set, falling back to default profiles: default
[INFO ] 2019-09-18 15:56:24.347 [main] DemoApplication - Started DemoApplication in 4.051 seconds (JVM running for 4.692)
[INFO ] 2019-09-18 15:56:24.347 [main] DemoApplication - This is a info message
[INFO ] 2019-09-18 15:58:57.135 [main] DemoApplication - Starting DemoApplication on KadambariH-PC-172 with PID 1120 (C:\Users\Kadambari\Desktop\expencemanager\target\classes started by Kadambari in C:\Users\Kadambari\Desktop\expencemanager)
[INFO ] 2019-09-18 15:58:57.151 [main] DemoApplication - No active profile set, falling back to default profiles: default
[INFO ] 2019-09-18 15:59:00.952 [main] DemoApplication - Started DemoApplication in 4.106 seconds (JVM running for 4.752)
[INFO ] 2019-09-18 15:59:00.952 [main] DemoApplication - This is a info message
[INFO ] 2019-09-18 16:00:43.852 [http-nio-8080-exec-3] UserController - Username: req33
[INFO ] 2019-09-18 16:06:55.864 [main] DemoApplication - Starting DemoApplication on KadambariH-PC-172 with PID 7212 (C:\Users\Kadambari\Desktop\expencemanager\target\classes started by Kadambari in C:\Users\Kadambari\Desktop\expencemanager)
[INFO ] 2019-09-18 16:06:55.875 [main] DemoApplication - No active profile set, falling back to default profiles: default
[INFO ] 2019-09-18 16:07:01.224 [main] DemoApplication - Started DemoApplication in 5.883 seconds (JVM running for 7.045)
[INFO ] 2019-09-18 16:07:01.224 [main] DemoApplication - This is a info message
[INFO ] 2019-09-18 16:08:20.829 [main] DemoApplication - Starting DemoApplication on KadambariH-PC-172 with PID 7452 (C:\Users\Kadambari\Desktop\expencemanager\target\classes started by Kadambari in C:\Users\Kadambari\Desktop\expencemanager)
[INFO ] 2019-09-18 16:08:20.834 [main] DemoApplication - No active profile set, falling back to default profiles: default
[INFO ] 2019-09-18 16:08:24.655 [main] DemoApplication - Started DemoApplication in 4.099 seconds (JVM running for 4.749)
[INFO ] 2019-09-18 16:08:24.658 [main] DemoApplication - This is a info message
[INFO ] 2019-09-19 09:58:39.132 [main] ExpencemanagerApplicationTests - Starting ExpencemanagerApplicationTests on KadambariH-PC-172 with PID 9364 (started by Kadambari in C:\Users\Kadambari\Desktop\expencemanager)
[INFO ] 2019-09-19 09:58:39.146 [main] ExpencemanagerApplicationTests - No active profile set, falling back to default profiles: default
[INFO ] 2019-09-19 09:58:43.391 [main] ExpencemanagerApplicationTests - Started ExpencemanagerApplicationTests in 4.467 seconds (JVM running for 5.823)
[INFO ] 2019-09-19 10:07:34.681 [main] ExpencemanagerApplicationTests - Starting ExpencemanagerApplicationTests on KadambariH-PC-172 with PID 9992 (started by Kadambari in C:\Users\Kadambari\Desktop\expencemanager)
[INFO ] 2019-09-19 10:07:34.682 [main] ExpencemanagerApplicationTests - No active profile set, falling back to default profiles: default
[INFO ] 2019-09-19 10:07:38.817 [main] ExpencemanagerApplicationTests - Started ExpencemanagerApplicationTests in 4.344 seconds (JVM running for 5.51)
[INFO ] 2019-09-19 10:07:57.861 [main] DemoApplication - Starting DemoApplication on KadambariH-PC-172 with PID 12832 (C:\Users\Kadambari\Desktop\expencemanager\target\classes started by Kadambari in C:\Users\Kadambari\Desktop\expencemanager)
[INFO ] 2019-09-19 10:07:57.867 [main] DemoApplication - No active profile set, falling back to default profiles: default
[INFO ] 2019-09-19 10:08:01.704 [main] DemoApplication - Started DemoApplication in 4.158 seconds (JVM running for 5.009)
[INFO ] 2019-09-19 10:08:01.705 [main] DemoApplication - This is a info message
[INFO ] 2019-09-19 10:20:50.954 [main] DemoApplication - Starting DemoApplication on KadambariH-PC-172 with PID 1280 (C:\Users\Kadambari\Desktop\expencemanager\target\classes started by Kadambari in C:\Users\Kadambari\Desktop\expencemanager)
[INFO ] 2019-09-19 10:20:50.961 [main] DemoApplication - No active profile set, falling back to default profiles: default
[INFO ] 2019-09-19 10:20:56.783 [main] DemoApplication - Started DemoApplication in 6.204 seconds (JVM running for 7.01)
[INFO ] 2019-09-19 10:20:56.786 [main] DemoApplication - This is a info message
[INFO ] 2019-09-19 10:22:32.041 [main] DemoApplication - Starting DemoApplication on KadambariH-PC-172 with PID 16744 (C:\Users\Kadambari\Desktop\expencemanager\target\classes started by Kadambari in C:\Users\Kadambari\Desktop\expencemanager)
[INFO ] 2019-09-19 10:22:32.047 [main] DemoApplication - No active profile set, falling back to default profiles: default
[INFO ] 2019-09-19 10:22:37.248 [main] DemoApplication - Started DemoApplication in 5.55 seconds (JVM running for 6.356)
[INFO ] 2019-09-19 10:22:37.250 [main] DemoApplication - This is a info message
[INFO ] 2019-09-19 10:24:47.226 [main] DemoApplication - Starting DemoApplication on KadambariH-PC-172 with PID 12372 (C:\Users\Kadambari\Desktop\expencemanager\target\classes started by Kadambari in C:\Users\Kadambari\Desktop\expencemanager)
[INFO ] 2019-09-19 10:24:47.231 [main] DemoApplication - No active profile set, falling back to default profiles: default
[INFO ] 2019-09-19 10:24:53.553 [main] DemoApplication - Started DemoApplication in 6.703 seconds (JVM running for 7.681)
[INFO ] 2019-09-19 10:24:53.556 [main] DemoApplication - This is a info message
[INFO ] 2019-09-19 10:25:35.678 [main] DemoApplication - Starting DemoApplication on KadambariH-PC-172 with PID 15428 (C:\Users\Kadambari\Desktop\expencemanager\target\classes started by Kadambari in C:\Users\Kadambari\Desktop\expencemanager)
[INFO ] 2019-09-19 10:25:35.684 [main] DemoApplication - No active profile set, falling back to default profiles: default
[INFO ] 2019-09-19 10:25:41.082 [main] DemoApplication - Started DemoApplication in 5.774 seconds (JVM running for 6.551)
[INFO ] 2019-09-19 10:25:41.085 [main] DemoApplication - This is a info message
[INFO ] 2019-09-19 10:27:08.602 [main] DemoApplication - Starting DemoApplication on KadambariH-PC-172 with PID 12368 (C:\Users\Kadambari\Desktop\expencemanager\target\classes started by Kadambari in C:\Users\Kadambari\Desktop\expencemanager)
[INFO ] 2019-09-19 10:27:08.611 [main] DemoApplication - No active profile set, falling back to default profiles: default
[INFO ] 2019-09-19 10:27:14.325 [main] DemoApplication - Started DemoApplication in 6.106 seconds (JVM running for 6.913)
[INFO ] 2019-09-19 10:27:14.327 [main] DemoApplication - This is a info message
[INFO ] 2019-09-19 10:27:52.510 [main] DemoApplication - Starting DemoApplication on KadambariH-PC-172 with PID 16516 (C:\Users\Kadambari\Desktop\expencemanager\target\classes started by Kadambari in C:\Users\Kadambari\Desktop\expencemanager)
[INFO ] 2019-09-19 10:27:52.519 [main] DemoApplication - No active profile set, falling back to default profiles: default
[INFO ] 2019-09-19 10:27:58.109 [main] DemoApplication - Started DemoApplication in 6.011 seconds (JVM running for 6.825)
[INFO ] 2019-09-19 10:27:58.111 [main] DemoApplication - This is a info message
[INFO ] 2019-09-19 10:28:37.277 [main] DemoApplication - Starting DemoApplication on KadambariH-PC-172 with PID 10692 (C:\Users\Kadambari\Desktop\expencemanager\target\classes started by Kadambari in C:\Users\Kadambari\Desktop\expencemanager)
[INFO ] 2019-09-19 10:28:37.282 [main] DemoApplication - No active profile set, falling back to default profiles: default
[INFO ] 2019-09-19 10:28:43.240 [main] DemoApplication - Started DemoApplication in 6.303 seconds (JVM running for 7.117)
[INFO ] 2019-09-19 10:28:43.242 [main] DemoApplication - This is a info message
[INFO ] 2019-09-19 10:32:42.503 [main] DemoApplication - Starting DemoApplication on KadambariH-PC-172 with PID 12532 (C:\Users\Kadambari\Desktop\expencemanager\target\classes started by Kadambari in C:\Users\Kadambari\Desktop\expencemanager)
[INFO ] 2019-09-19 10:32:42.508 [main] DemoApplication - No active profile set, falling back to default profiles: default
[INFO ] 2019-09-19 10:34:50.104 [main] DemoApplication - Starting DemoApplication on KadambariH-PC-172 with PID 6948 (C:\Users\Kadambari\Desktop\expencemanager\target\classes started by Kadambari in C:\Users\Kadambari\Desktop\expencemanager)
[INFO ] 2019-09-19 10:34:50.109 [main] DemoApplication - No active profile set, falling back to default profiles: default
[INFO ] 2019-09-19 10:34:56.643 [main] DemoApplication - Started DemoApplication in 6.977 seconds (JVM running for 7.946)
[INFO ] 2019-09-19 10:34:56.649 [main] DemoApplication - This is a info message
[INFO ] 2019-09-19 11:28:07.457 [main] DemoApplication - Starting DemoApplication on KadambariH-PC-172 with PID 5180 (C:\Users\Kadambari\Desktop\expencemanager\target\classes started by Kadambari in C:\Users\Kadambari\Desktop\expencemanager)
[INFO ] 2019-09-19 11:28:07.472 [main] DemoApplication - No active profile set, falling back to default profiles: default
[INFO ] 2019-09-19 11:28:12.492 [main] DemoApplication - Started DemoApplication in 5.386 seconds (JVM running for 6.403)
[INFO ] 2019-09-19 11:28:12.500 [main] DemoApplication - This is a info message
[INFO ] 2019-09-19 11:34:38.634 [main] DemoApplication - Starting DemoApplication on KadambariH-PC-172 with PID 10700 (C:\Users\Kadambari\Desktop\expencemanager\target\classes started by Kadambari in C:\Users\Kadambari\Desktop\expencemanager)
[INFO ] 2019-09-19 11:34:38.646 [main] DemoApplication - No active profile set, falling back to default profiles: default
[INFO ] 2019-09-19 11:34:43.838 [main] DemoApplication - Started DemoApplication in 5.531 seconds (JVM running for 6.292)
[INFO ] 2019-09-19 11:34:43.840 [main] DemoApplication - This is a info message
[INFO ] 2019-09-19 11:38:14.215 [main] DemoApplication - Starting DemoApplication on KadambariH-PC-172 with PID 17620 (C:\Users\Kadambari\Desktop\expencemanager\target\classes started by Kadambari in C:\Users\Kadambari\Desktop\expencemanager)
[INFO ] 2019-09-19 11:38:14.220 [main] DemoApplication - No active profile set, falling back to default profiles: default
[INFO ] 2019-09-19 11:38:19.142 [main] DemoApplication - Started DemoApplication in 5.244 seconds (JVM running for 5.963)
[INFO ] 2019-09-19 11:38:19.144 [main] DemoApplication - This is a info message
[INFO ] 2019-09-19 12:15:23.589 [main] DemoApplication - Starting DemoApplication on KadambariH-PC-172 with PID 15136 (C:\Users\Kadambari\Desktop\expencemanager\target\classes started by Kadambari in C:\Users\Kadambari\Desktop\expencemanager)
[INFO ] 2019-09-19 12:15:23.603 [main] DemoApplication - No active profile set, falling back to default profiles: default
[INFO ] 2019-09-19 12:15:29.031 [main] DemoApplication - Started DemoApplication in 6.002 seconds (JVM running for 7.393)
[INFO ] 2019-09-19 12:15:29.033 [main] DemoApplication - This is a info message
[INFO ] 2019-09-19 12:16:59.270 [main] DemoApplication - Starting DemoApplication on KadambariH-PC-172 with PID 14268 (C:\Users\Kadambari\Desktop\expencemanager\target\classes started by Kadambari in C:\Users\Kadambari\Desktop\expencemanager)
[INFO ] 2019-09-19 12:16:59.279 [main] DemoApplication - No active profile set, falling back to default profiles: default
[INFO ] 2019-09-19 12:17:04.748 [main] DemoApplication - Started DemoApplication in 5.95 seconds (JVM running for 7.177)
[INFO ] 2019-09-19 12:17:04.755 [main] DemoApplication - This is a info message
[INFO ] 2019-09-19 12:18:06.905 [http-nio-8080-exec-2] UserController - Username: req33
[INFO ] 2019-09-19 12:22:48.528 [main] DemoApplication - Starting DemoApplication on KadambariH-PC-172 with PID 16064 (C:\Users\Kadambari\Desktop\expencemanager\target\classes started by Kadambari in C:\Users\Kadambari\Desktop\expencemanager)
[INFO ] 2019-09-19 12:22:48.537 [main] DemoApplication - No active profile set, falling back to default profiles: default
[INFO ] 2019-09-19 12:22:53.801 [main] DemoApplication - Started DemoApplication in 5.744 seconds (JVM running for 6.96)
[INFO ] 2019-09-19 12:22:53.804 [main] DemoApplication - This is a info message
[INFO ] 2019-09-19 12:27:38.203 [main] DemoApplication - Starting DemoApplication on KadambariH-PC-172 with PID 3904 (C:\Users\Kadambari\Desktop\expencemanager\target\classes started by Kadambari in C:\Users\Kadambari\Desktop\expencemanager)
[INFO ] 2019-09-19 12:27:38.218 [main] DemoApplication - No active profile set, falling back to default profiles: default
[INFO ] 2019-09-19 12:27:44.619 [main] DemoApplication - Started DemoApplication in 6.917 seconds (JVM running for 8.2)
[INFO ] 2019-09-19 12:27:44.622 [main] DemoApplication - This is a info message
[INFO ] 2019-09-19 12:30:41.239 [main] DemoApplication - Starting DemoApplication on KadambariH-PC-172 with PID 17904 (C:\Users\Kadambari\Desktop\expencemanager\target\classes started by Kadambari in C:\Users\Kadambari\Desktop\expencemanager)
[INFO ] 2019-09-19 12:30:41.249 [main] DemoApplication - No active profile set, falling back to default profiles: default
[INFO ] 2019-09-19 12:30:46.632 [main] DemoApplication - Started DemoApplication in 5.86 seconds (JVM running for 7.279)
[INFO ] 2019-09-19 12:30:46.636 [main] DemoApplication - This is a info message
[INFO ] 2019-09-19 12:34:04.635 [main] DemoApplication - Starting DemoApplication on KadambariH-PC-172 with PID 15824 (C:\Users\Kadambari\Desktop\expencemanager\target\classes started by Kadambari in C:\Users\Kadambari\Desktop\expencemanager)
[INFO ] 2019-09-19 12:34:04.647 [main] DemoApplication - No active profile set, falling back to default profiles: default
[INFO ] 2019-09-19 12:34:10.179 [main] DemoApplication - Started DemoApplication in 6.04 seconds (JVM running for 7.31)
[INFO ] 2019-09-19 12:34:10.182 [main] DemoApplication - This is a info message
[INFO ] 2019-09-19 12:37:21.567 [main] DemoApplication - Starting DemoApplication on KadambariH-PC-172 with PID 10392 (C:\Users\Kadambari\Desktop\expencemanager\target\classes started by Kadambari in C:\Users\Kadambari\Desktop\expencemanager)
[INFO ] 2019-09-19 12:37:21.575 [main] DemoApplication - No active profile set, falling back to default profiles: default
[INFO ] 2019-09-19 12:37:26.949 [main] DemoApplication - Started DemoApplication in 5.845 seconds (JVM running for 7.095)
[INFO ] 2019-09-19 12:37:26.953 [main] DemoApplication - This is a info message
[INFO ] 2019-09-19 12:43:38.337 [main] DemoApplication - Starting DemoApplication on KadambariH-PC-172 with PID 7964 (C:\Users\Kadambari\Desktop\expencemanager\target\classes started by Kadambari in C:\Users\Kadambari\Desktop\expencemanager)
[INFO ] 2019-09-19 12:43:38.351 [main] DemoApplication - No active profile set, falling back to default profiles: default
[INFO ] 2019-09-19 12:43:43.536 [main] DemoApplication - Started DemoApplication in 5.678 seconds (JVM running for 6.913)
[INFO ] 2019-09-19 12:43:43.540 [main] DemoApplication - This is a info message
[INFO ] 2019-09-19 12:45:53.191 [main] DemoApplication - Starting DemoApplication on KadambariH-PC-172 with PID 7688 (C:\Users\Kadambari\Desktop\expencemanager\target\classes started by Kadambari in C:\Users\Kadambari\Desktop\expencemanager)
[INFO ] 2019-09-19 12:45:53.201 [main] DemoApplication - No active profile set, falling back to default profiles: default
[INFO ] 2019-09-19 12:46:23.387 [main] DemoApplication - Starting DemoApplication on KadambariH-PC-172 with PID 17160 (C:\Users\Kadambari\Desktop\expencemanager\target\classes started by Kadambari in C:\Users\Kadambari\Desktop\expencemanager)
[INFO ] 2019-09-19 12:46:23.401 [main] DemoApplication - No active profile set, falling back to default profiles: default
[INFO ] 2019-09-19 12:47:00.433 [main] DemoApplication - Starting DemoApplication on KadambariH-PC-172 with PID 6604 (C:\Users\Kadambari\Desktop\expencemanager\target\classes started by Kadambari in C:\Users\Kadambari\Desktop\expencemanager)
[INFO ] 2019-09-19 12:47:00.443 [main] DemoApplication - No active profile set, falling back to default profiles: default
[INFO ] 2019-09-19 12:47:05.777 [main] DemoApplication - Started DemoApplication in 5.864 seconds (JVM running for 7.114)
[INFO ] 2019-09-19 12:47:05.779 [main] DemoApplication - This is a info message
[INFO ] 2019-09-19 12:56:18.268 [main] DemoApplication - Starting DemoApplication on KadambariH-PC-172 with PID 12080 (C:\Users\Kadambari\Desktop\expencemanager\target\classes started by Kadambari in C:\Users\Kadambari\Desktop\expencemanager)
[INFO ] 2019-09-19 12:56:18.274 [main] DemoApplication - No active profile set, falling back to default profiles: default
[INFO ] 2019-09-19 12:56:22.307 [main] DemoApplication - Started DemoApplication in 4.327 seconds (JVM running for 4.967)
[INFO ] 2019-09-19 12:56:22.309 [main] DemoApplication - This is a info message
[INFO ] 2019-09-19 12:56:52.579 [main] DemoApplication - Starting DemoApplication on KadambariH-PC-172 with PID 7848 (C:\Users\Kadambari\Desktop\expencemanager\target\classes started by Kadambari in C:\Users\Kadambari\Desktop\expencemanager)
[INFO ] 2019-09-19 12:56:52.591 [main] DemoApplication - No active profile set, falling back to default profiles: default
[INFO ] 2019-09-19 12:56:56.625 [main] DemoApplication - Started DemoApplication in 4.328 seconds (JVM running for 4.979)
[INFO ] 2019-09-19 12:56:56.627 [main] DemoApplication - This is a info message
[INFO ] 2019-09-19 13:28:04.936 [main] DemoApplication - Starting DemoApplication on KadambariH-PC-172 with PID 9292 (C:\Users\Kadambari\Desktop\expencemanager\target\classes started by Kadambari in C:\Users\Kadambari\Desktop\expencemanager)
[INFO ] 2019-09-19 13:28:04.941 [main] DemoApplication - No active profile set, falling back to default profiles: default
[INFO ] 2019-09-19 13:28:09.173 [main] DemoApplication - Started DemoApplication in 4.534 seconds (JVM running for 5.184)
[INFO ] 2019-09-19 13:28:09.174 [main] DemoApplication - This is a info message
[INFO ] 2019-09-19 13:51:25.646 [main] DemoApplication [INFO ] 2019-09-19 13:51:25.660 [main] DemoApplication [INFO ] 2019-09-19 13:52:32.760 [main] DemoApplication [INFO ] 2019-09-19 13:52:32.765 [main] DemoApplication [INFO ] 2019-09-19 13:52:36.940 [main] DemoApplication [INFO ] 2019-09-19 13:52:36.942 [main] DemoApplication [INFO ] 2019-09-19 13:54:05.364 [main] ExpencemanagerApplicationTests [INFO ] 2019-09-19 13:54:05.364 [main] ExpencemanagerApplicationTests [INFO ] 2019-09-19 13:54:10.153 [main] ExpencemanagerApplicationTests [INFO ] 2019-09-19 13:54:26.113 [main] DemoApplication [INFO ] 2019-09-19 13:54:26.121 [main] DemoApplication [INFO ] 2019-09-19 13:54:30.321 [main] DemoApplication [INFO ] 2019-09-19 13:54:30.324 [main] DemoApplication [INFO ] 2019-09-19 13:58:24.239 [main] DemoApplication [INFO ] 2019-09-19 13:58:24.251 [main] DemoApplication [INFO ] 2019-09-19 13:58:29.059 [main] DemoApplication [INFO ] 2019-09-19 13:58:29.061 [main] DemoApplication [INFO ] 2019-09-19 14:04:02.784 [main] DemoApplication - Starting DemoApplication on KadambariH-PC-172 with PID 13508 (C:\Users\Kadambari\Desktop\expencemanager\target\classes started by Kadambari in C:\Users\Kadambari\Desktop\expencemanager)
[DEBUG] 2019-09-19 14:04:02.785 [main] DemoApplication - Running with Spring Boot v2.1.8.RELEASE, Spring v5.1.9.RELEASE
[INFO ] 2019-09-19 14:04:02.785 [main] DemoApplication - No active profile set, falling back to default profiles: default
[INFO ] 2019-09-19 14:04:08.245 [main] DemoApplication - Started DemoApplication in 5.755 seconds (JVM running for 6.393)
[INFO ] 2019-09-19 14:04:08.252 [main] DemoApplication - This is a info message
[INFO ] 2019-09-19 14:04:27.937 [http-nio-8080-exec-1] UserServiceImplement - Password and confirm password matched for usera3
[INFO ] 2019-09-19 14:04:44.136 [http-nio-8080-exec-2] UserServiceImplement - Password and confirm password don't match
[INFO ] 2019-09-19 14:05:09.313 [http-nio-8080-exec-3] UserController - Username: a2
[DEBUG] 2019-09-19 14:05:09.313 [http-nio-8080-exec-3] UserController - Password: a2
[INFO ] 2019-09-19 14:05:09.414 [http-nio-8080-exec-3] UserServiceImplement - Sucessfully Logged id a2
[INFO ] 2019-09-19 14:05:12.633 [http-nio-8080-exec-4] UserController - Username: a2
[DEBUG] 2019-09-19 14:05:12.633 [http-nio-8080-exec-4] UserController - Password: a2
[INFO ] 2019-09-19 14:05:12.637 [http-nio-8080-exec-4] UserServiceImplement - Sucessfully Logged id a2
[INFO ] 2019-09-19 15:13:46.614 [main] ExpencemanagerApplicationTests - Starting ExpencemanagerApplicationTests on KadambariH-PC-172 with PID 14208 (started by Kadambari in C:\Users\Kadambari\Desktop\expencemanager)
[INFO ] 2019-09-19 15:13:46.615 [main] ExpencemanagerApplicationTests - No active profile set, falling back to default profiles: default
[INFO ] 2019-09-19 15:13:52.329 [main] ExpencemanagerApplicationTests - Started ExpencemanagerApplicationTests in 5.977 seconds (JVM running for 7.023)
[INFO ] 2019-09-19 15:14:02.631 [restartedMain] DemoApplication - Starting DemoApplication on KadambariH-PC-172 with PID 5132 (C:\Users\Kadambari\Desktop\expencemanager\target\classes started by Kadambari in C:\Users\Kadambari\Desktop\expencemanager)
[INFO ] 2019-09-19 15:14:02.632 [restartedMain] DemoApplication - No active profile set, falling back to default profiles: default
[INFO ] 2019-09-19 15:14:07.356 [restartedMain] DemoApplication - Started DemoApplication in 5.01 seconds (JVM running for 5.734)
[INFO ] 2019-09-19 15:14:07.358 [restartedMain] DemoApplication - This is a info message
[INFO ] 2019-09-19 15:17:55.361 [restartedMain] DemoApplication - Starting DemoApplication on KadambariH-PC-172 with PID 5132 (C:\Users\Kadambari\Desktop\expencemanager\target\classes started by Kadambari in C:\Users\Kadambari\Desktop\expencemanager)
[INFO ] 2019-09-19 15:17:55.361 [restartedMain] DemoApplication - No active profile set, falling back to default profiles: default
[INFO ] 2019-09-19 15:17:56.581 [restartedMain] DemoApplication - Started DemoApplication in 1.25 seconds (JVM running for 234.96)
[INFO ] 2019-09-19 15:17:56.584 [restartedMain] DemoApplication - This is a info message
[INFO ] 2019-09-19 15:19:05.874 [restartedMain] DemoApplication - Starting DemoApplication on KadambariH-PC-172 with PID 2444 (C:\Users\Kadambari\Desktop\expencemanager\target\classes started by Kadambari in C:\Users\Kadambari\Desktop\expencemanager)
[INFO ] 2019-09-19 15:19:05.876 [restartedMain] DemoApplication - No active profile set, falling back to default profiles: default
[INFO ] 2019-09-19 15:19:10.481 [restartedMain] DemoApplication - Started DemoApplication in 4.915 seconds (JVM running for 5.645)
[INFO ] 2019-09-19 15:19:10.484 [restartedMain] DemoApplication - This is a info message
[INFO ] 2019-09-19 16:03:18.509 [main] ExpencemanagerApplicationTests - Starting ExpencemanagerApplicationTests on KadambariH-PC-172 with PID 16820 (started by Kadambari in C:\Users\Kadambari\Desktop\expencemanager)
[INFO ] 2019-09-19 16:03:18.511 [main] ExpencemanagerApplicationTests - No active profile set, falling back to default profiles: default
[INFO ] 2019-09-19 16:05:15.659 [main] ExpencemanagerApplicationTests - Starting ExpencemanagerApplicationTests on KadambariH-PC-172 with PID 6564 (started by Kadambari in C:\Users\Kadambari\Desktop\expencemanager)
[INFO ] 2019-09-19 16:05:15.660 [main] ExpencemanagerApplicationTests - No active profile set, falling back to default profiles: default
[INFO ] 2019-09-19 16:05:21.160 [main] ExpencemanagerApplicationTests - Started ExpencemanagerApplicationTests in 5.72 seconds (JVM running for 6.828)
[INFO ] 2019-09-19 16:05:32.659 [restartedMain] DemoApplication - Starting DemoApplication on KadambariH-PC-172 with PID 5308 (C:\Users\Kadambari\Desktop\expencemanager\target\classes started by Kadambari in C:\Users\Kadambari\Desktop\expencemanager)
[INFO ] 2019-09-19 16:05:32.660 [restartedMain] DemoApplication - No active profile set, falling back to default profiles: default
[INFO ] 2019-09-19 16:05:38.011 [restartedMain] DemoApplication - Started DemoApplication in 5.658 seconds (JVM running for 6.637)
[INFO ] 2019-09-19 16:05:38.016 [restartedMain] DemoApplication - This is a info message
[INFO ] 2019-09-19 16:32:34.593 [restartedMain] DemoApplication - Starting DemoApplication on KadambariH-PC-172 with PID 9660 (C:\Users\Kadambari\Desktop\expencemanager\target\classes started by Kadambari in C:\Users\Kadambari\Desktop\expencemanager)
[INFO ] 2019-09-19 16:32:34.594 [restartedMain] DemoApplication - No active profile set, falling back to default profiles: default
[INFO ] 2019-09-19 16:32:39.870 [restartedMain] DemoApplication - Started DemoApplication in 5.577 seconds (JVM running for 6.344)
[INFO ] 2019-09-19 16:32:39.873 [restartedMain] DemoApplication - This is a info message
[INFO ] 2019-09-19 16:35:58.688 [restartedMain] DemoApplication - Starting DemoApplication on KadambariH-PC-172 with PID 12896 (C:\Users\Kadambari\Desktop\expencemanager\target\classes started by Kadambari in C:\Users\Kadambari\Desktop\expencemanager)
[INFO ] 2019-09-19 16:35:58.689 [restartedMain] DemoApplication - No active profile set, falling back to default profiles: default
[INFO ] 2019-09-19 16:36:05.125 [restartedMain] DemoApplication - Started DemoApplication in 7.178 seconds (JVM running for 9.041)
[INFO ] 2019-09-19 16:36:05.128 [restartedMain] DemoApplication - This is a info message
[INFO ] 2019-09-19 16:36:23.689 [restartedMain] DemoApplication - Starting DemoApplication on KadambariH-PC-172 with PID 18148 (C:\Users\Kadambari\Desktop\expencemanager\target\classes started by Kadambari in C:\Users\Kadambari\Desktop\expencemanager)
[INFO ] 2019-09-19 16:36:23.690 [restartedMain] DemoApplication - No active profile set, falling back to default profiles: default
[INFO ] 2019-09-19 16:36:30.748 [restartedMain] DemoApplication - Started DemoApplication in 7.638 seconds (JVM running for 9.074)
[INFO ] 2019-09-19 16:36:30.754 [restartedMain] DemoApplication - This is a info message
[INFO ] 2019-09-20 10:34:04.013 [main] ExpencemanagerApplicationTests - Starting ExpencemanagerApplicationTests on KadambariH-PC-172 with PID 8540 (started by Kadambari in C:\Users\Kadambari\Desktop\expencemanager)
[INFO ] 2019-09-20 10:34:04.013 [main] ExpencemanagerApplicationTests - No active profile set, falling back to default profiles: default
[INFO ] 2019-09-20 10:34:10.343 [main] ExpencemanagerApplicationTests - Started ExpencemanagerApplicationTests in 6.565 seconds (JVM running for 7.802)
[INFO ] 2019-09-20 10:34:31.958 [restartedMain] DemoApplication - Starting DemoApplication on KadambariH-PC-172 with PID 14536 (C:\Users\Kadambari\Desktop\expencemanager\target\classes started by Kadambari in C:\Users\Kadambari\Desktop\expencemanager)
[INFO ] 2019-09-20 10:34:31.958 [restartedMain] DemoApplication - No active profile set, falling back to default profiles: default
[INFO ] 2019-09-20 10:34:38.185 [restartedMain] DemoApplication - Started DemoApplication in 6.557 seconds (JVM running for 7.312)
[INFO ] 2019-09-20 10:34:38.190 [restartedMain] DemoApplication - This is a info message
[INFO ] 2019-09-20 10:36:10.413 [http-nio-8080-exec-1] UserServiceImplement - Password and confirm password matched for usera4
[INFO ] 2019-09-20 10:36:25.352 [http-nio-8080-exec-2] UserServiceImplement - Password and confirm password don't match
[INFO ] 2019-09-20 10:36:32.396 [http-nio-8080-exec-3] UserServiceImplement - Password and confirm password don't match
[INFO ] 2019-09-20 10:37:08.332 [http-nio-8080-exec-5] UserController - Username: a4
[INFO ] 2019-09-20 10:37:08.456 [http-nio-8080-exec-5] UserServiceImplement - Sucessfully Logged id a4
[INFO ] 2019-09-20 10:37:37.928 [http-nio-8080-exec-6] UserController - Username: a4
[INFO ] 2019-09-20 10:37:37.932 [http-nio-8080-exec-6] UserServiceImplement - Username or password enterd is incorrect a4
[INFO ] 2019-09-20 10:46:25.001 [restartedMain] DemoApplication - Starting DemoApplication on KadambariH-PC-172 with PID 14532 (C:\Users\Kadambari\Desktop\expencemanager\target\classes started by Kadambari in C:\Users\Kadambari\Desktop\expencemanager)
[INFO ] 2019-09-20 10:46:25.007 [restartedMain] DemoApplication - No active profile set, falling back to default profiles: default
[INFO ] 2019-09-20 10:46:30.056 [restartedMain] DemoApplication - Started DemoApplication in 5.357 seconds (JVM running for 6.101)
[INFO ] 2019-09-20 10:46:30.058 [restartedMain] DemoApplication - This is a info message
[INFO ] 2019-09-20 11:32:35.367 [main] ExpencemanagerApplicationTests - Starting ExpencemanagerApplicationTests on KadambariH-PC-172 with PID 14472 (started by Kadambari in C:\Users\Kadambari\Desktop\expencemanager)
[INFO ] 2019-09-20 11:32:35.368 [main] ExpencemanagerApplicationTests - No active profile set, falling back to default profiles: default
[INFO ] 2019-09-20 11:32:39.975 [main] ExpencemanagerApplicationTests - Started ExpencemanagerApplicationTests in 4.826 seconds (JVM running for 5.947)
[INFO ] 2019-09-20 11:32:55.828 [restartedMain] DemoApplication - Starting DemoApplication on KadambariH-PC-172 with PID 672 (C:\Users\Kadambari\Desktop\expencemanager\target\classes started by Kadambari in C:\Users\Kadambari\Desktop\expencemanager)
[INFO ] 2019-09-20 11:32:55.834 [restartedMain] DemoApplication - No active profile set, falling back to default profiles: default
[INFO ] 2019-09-20 11:33:00.014 [restartedMain] DemoApplication - Started DemoApplication in 4.49 seconds (JVM running for 5.225)
[INFO ] 2019-09-20 11:33:00.017 [restartedMain] DemoApplication - This is a info message
[INFO ] 2019-09-20 11:43:59.956 [restartedMain] DemoApplication - Starting DemoApplication on KadambariH-PC-172 with PID 13208 (C:\Users\Kadambari\Desktop\expencemanager\target\classes started by Kadambari in C:\Users\Kadambari\Desktop\expencemanager)
[INFO ] 2019-09-20 11:43:59.962 [restartedMain] DemoApplication - No active profile set, falling back to default profiles: default
[INFO ] 2019-09-20 11:44:04.384 [restartedMain] DemoApplication - Started DemoApplication in 4.735 seconds (JVM running for 5.49)
[INFO ] 2019-09-20 11:44:04.386 [restartedMain] DemoApplication - This is a info message
[INFO ] 2019-09-20 11:56:39.275 [restartedMain] DemoApplication - Starting DemoApplication on KadambariH-PC-172 with PID 7272 (C:\Users\Kadambari\Desktop\expencemanager\target\classes started by Kadambari in C:\Users\Kadambari\Desktop\expencemanager)
[INFO ] 2019-09-20 11:56:39.281 [restartedMain] DemoApplication - No active profile set, falling back to default profiles: default
[INFO ] 2019-09-20 11:56:44.340 [restartedMain] DemoApplication - Started DemoApplication in 5.378 seconds (JVM running for 6.142)
[INFO ] 2019-09-20 11:56:44.346 [restartedMain] DemoApplication - This is a info message
[INFO ] 2019-09-20 11:57:36.103 [restartedMain] DemoApplication - Starting DemoApplication on KadambariH-PC-172 with PID 7824 (C:\Users\Kadambari\Desktop\expencemanager\target\classes started by Kadambari in C:\Users\Kadambari\Desktop\expencemanager)
[INFO ] 2019-09-20 11:57:36.114 [restartedMain] DemoApplication - No active profile set, falling back to default profiles: default
[INFO ] 2019-09-20 11:57:42.677 [restartedMain] DemoApplication - Started DemoApplication in 7.118 seconds (JVM running for 8.916)
[INFO ] 2019-09-20 11:57:42.683 [restartedMain] DemoApplication - This is a info message
[INFO ] 2019-09-20 11:58:02.813 [restartedMain] DemoApplication - Starting DemoApplication on KadambariH-PC-172 with PID 13056 (C:\Users\Kadambari\Desktop\expencemanager\target\classes started by Kadambari in C:\Users\Kadambari\Desktop\expencemanager)
[INFO ] 2019-09-20 11:58:02.821 [restartedMain] DemoApplication - No active profile set, falling back to default profiles: default
[INFO ] 2019-09-20 11:58:08.943 [restartedMain] DemoApplication - Started DemoApplication in 6.706 seconds (JVM running for 8.15)
[INFO ] 2019-09-20 11:58:08.946 [restartedMain] DemoApplication - This is a info message
[INFO ] 2019-09-20 11:58:46.564 [restartedMain] DemoApplication - Starting DemoApplication on KadambariH-PC-172 with PID 11356 (C:\Users\Kadambari\Desktop\expencemanager\target\classes started by Kadambari in C:\Users\Kadambari\Desktop\expencemanager)
[INFO ] 2019-09-20 11:58:46.576 [restartedMain] DemoApplication - No active profile set, falling back to default profiles: default
[INFO ] 2019-09-20 11:58:52.985 [restartedMain] DemoApplication - Started DemoApplication in 6.898 seconds (JVM running for 8.249)
[INFO ] 2019-09-20 11:58:52.985 [restartedMain] DemoApplication - This is a info message
[INFO ] 2019-09-20 12:02:11.246 [restartedMain] DemoApplication - Starting DemoApplication on KadambariH-PC-172 with PID 11356 (C:\Users\Kadambari\Desktop\expencemanager\target\classes started by Kadambari in C:\Users\Kadambari\Desktop\expencemanager)
[INFO ] 2019-09-20 12:02:11.248 [restartedMain] DemoApplication - No active profile set, falling back to default profiles: default
[INFO ] 2019-09-20 12:02:12.714 [restartedMain] DemoApplication - Started DemoApplication in 1.573 seconds (JVM running for 207.98)
[INFO ] 2019-09-20 12:02:12.718 [restartedMain] DemoApplication - This is a info message
[INFO ] 2019-09-20 12:02:16.417 [restartedMain] DemoApplication - Starting DemoApplication on KadambariH-PC-172 with PID 11356 (C:\Users\Kadambari\Desktop\expencemanager\target\classes started by Kadambari in C:\Users\Kadambari\Desktop\expencemanager)
[INFO ] 2019-09-20 12:02:16.418 [restartedMain] DemoApplication - No active profile set, falling back to default profiles: default
[INFO ] 2019-09-20 12:02:17.709 [restartedMain] DemoApplication - Started DemoApplication in 1.362 seconds (JVM running for 212.975)
[INFO ] 2019-09-20 12:02:17.712 [restartedMain] DemoApplication - This is a info message
[INFO ] 2019-09-20 12:02:22.410 [restartedMain] DemoApplication - Starting DemoApplication on KadambariH-PC-172 with PID 11356 (C:\Users\Kadambari\Desktop\expencemanager\target\classes started by Kadambari in C:\Users\Kadambari\Desktop\expencemanager)
[INFO ] 2019-09-20 12:02:22.410 [restartedMain] DemoApplication - No active profile set, falling back to default profiles: default
[INFO ] 2019-09-20 12:02:23.562 [restartedMain] DemoApplication - Started DemoApplication in 1.209 seconds (JVM running for 218.828)
[INFO ] 2019-09-20 12:02:23.564 [restartedMain] DemoApplication - This is a info message
[INFO ] 2019-09-20 12:02:53.521 [restartedMain] DemoApplication - Starting DemoApplication on KadambariH-PC-172 with PID 15816 (C:\Users\Kadambari\Desktop\expencemanager\target\classes started by Kadambari in C:\Users\Kadambari\Desktop\expencemanager)
[INFO ] 2019-09-20 12:02:53.531 [restartedMain] DemoApplication - No active profile set, falling back to default profiles: default
[INFO ] 2019-09-20 12:02:59.450 [restartedMain] DemoApplication - Started DemoApplication in 6.371 seconds (JVM running for 7.571)
[INFO ] 2019-09-20 12:02:59.453 [restartedMain] DemoApplication - This is a info message
[INFO ] 2019-09-20 12:03:32.012 [restartedMain] DemoApplication - Starting DemoApplication on KadambariH-PC-172 with PID 15816 (C:\Users\Kadambari\Desktop\expencemanager\target\classes started by Kadambari in C:\Users\Kadambari\Desktop\expencemanager)
[INFO ] 2019-09-20 12:03:32.013 [restartedMain] DemoApplication - No active profile set, falling back to default profiles: default
[INFO ] 2019-09-20 12:03:33.271 [restartedMain] DemoApplication - Started DemoApplication in 1.327 seconds (JVM running for 41.393)
[INFO ] 2019-09-20 12:03:33.275 [restartedMain] DemoApplication - This is a info message
[INFO ] 2019-09-20 12:06:43.783 [restartedMain] DemoApplication - Starting DemoApplication on KadambariH-PC-172 with PID 15816 (C:\Users\Kadambari\Desktop\expencemanager\target\classes started by Kadambari in C:\Users\Kadambari\Desktop\expencemanager)
[INFO ] 2019-09-20 12:06:43.783 [restartedMain] DemoApplication - No active profile set, falling back to default profiles: default
[INFO ] 2019-09-20 12:06:45.027 [restartedMain] DemoApplication - Started DemoApplication in 1.344 seconds (JVM running for 233.149)
[INFO ] 2019-09-20 12:06:45.031 [restartedMain] DemoApplication - This is a info message
[INFO ] 2019-09-20 12:08:27.517 [restartedMain] DemoApplication - Starting DemoApplication on KadambariH-PC-172 with PID 15816 (C:\Users\Kadambari\Desktop\expencemanager\target\classes started by Kadambari in C:\Users\Kadambari\Desktop\expencemanager)
[INFO ] 2019-09-20 12:08:27.518 [restartedMain] DemoApplication - No active profile set, falling back to default profiles: default
[INFO ] 2019-09-20 12:08:28.937 [restartedMain] DemoApplication - Started DemoApplication in 1.494 seconds (JVM running for 337.057)
[INFO ] 2019-09-20 12:08:28.939 [restartedMain] DemoApplication - This is a info message
[INFO ] 2019-09-20 12:16:37.132 [restartedMain] DemoApplication - Starting DemoApplication on KadambariH-PC-172 with PID 15816 (C:\Users\Kadambari\Desktop\expencemanager\target\classes started by Kadambari in C:\Users\Kadambari\Desktop\expencemanager)
[INFO ] 2019-09-20 12:16:37.132 [restartedMain] DemoApplication - No active profile set, falling back to default profiles: default
[INFO ] 2019-09-20 12:16:38.188 [restartedMain] DemoApplication - Started DemoApplication in 1.126 seconds (JVM running for 826.31)
[INFO ] 2019-09-20 12:16:38.194 [restartedMain] DemoApplication - This is a info message
[INFO ] 2019-09-20 12:17:22.673 [restartedMain] DemoApplication - Starting DemoApplication on KadambariH-PC-172 with PID 15816 (C:\Users\Kadambari\Desktop\expencemanager\target\classes started by Kadambari in C:\Users\Kadambari\Desktop\expencemanager)
[INFO ] 2019-09-20 12:17:22.673 [restartedMain] DemoApplication - No active profile set, falling back to default profiles: default
[INFO ] 2019-09-20 12:17:23.966 [restartedMain] DemoApplication - Started DemoApplication in 1.35 seconds (JVM running for 872.088)
[INFO ] 2019-09-20 12:17:23.969 [restartedMain] DemoApplication - This is a info message
[INFO ] 2019-09-20 12:18:11.438 [restartedMain] DemoApplication - Starting DemoApplication on KadambariH-PC-172 with PID 15816 (C:\Users\Kadambari\Desktop\expencemanager\target\classes started by Kadambari in C:\Users\Kadambari\Desktop\expencemanager)
[INFO ] 2019-09-20 12:18:11.438 [restartedMain] DemoApplication - No active profile set, falling back to default profiles: default
[INFO ] 2019-09-20 12:18:12.549 [restartedMain] DemoApplication - Started DemoApplication in 1.177 seconds (JVM running for 920.671)
[INFO ] 2019-09-20 12:18:12.552 [restartedMain] DemoApplication - This is a info message
[INFO ] 2019-09-20 12:18:24.551 [restartedMain] DemoApplication - Starting DemoApplication on KadambariH-PC-172 with PID 15816 (C:\Users\Kadambari\Desktop\expencemanager\target\classes started by Kadambari in C:\Users\Kadambari\Desktop\expencemanager)
[INFO ] 2019-09-20 12:18:24.552 [restartedMain] DemoApplication - No active profile set, falling back to default profiles: default
[INFO ] 2019-09-20 12:18:31.837 [restartedMain] DemoApplication - Starting DemoApplication on KadambariH-PC-172 with PID 14744 (C:\Users\Kadambari\Desktop\expencemanager\target\classes started by Kadambari in C:\Users\Kadambari\Desktop\expencemanager)
[INFO ] 2019-09-20 12:18:31.851 [restartedMain] DemoApplication - No active profile set, falling back to default profiles: default
[INFO ] 2019-09-20 12:18:39.486 [restartedMain] DemoApplication - Started DemoApplication in 8.284 seconds (JVM running for 9.852)
[INFO ] 2019-09-20 12:18:39.491 [restartedMain] DemoApplication - This is a info message
[INFO ] 2019-09-20 12:19:18.736 [restartedMain] DemoApplication - Starting DemoApplication on KadambariH-PC-172 with PID 14744 (C:\Users\Kadambari\Desktop\expencemanager\target\classes started by Kadambari in C:\Users\Kadambari\Desktop\expencemanager)
[INFO ] 2019-09-20 12:19:18.738 [restartedMain] DemoApplication - No active profile set, falling back to default profiles: default
[INFO ] 2019-09-20 12:19:20.757 [restartedMain] DemoApplication - Started DemoApplication in 2.101 seconds (JVM running for 51.124)
[INFO ] 2019-09-20 12:19:20.800 [restartedMain] DemoApplication - This is a info message
[INFO ] 2019-09-20 12:21:51.374 [restartedMain] DemoApplication - Starting DemoApplication on KadambariH-PC-172 with PID 10676 (C:\Users\Kadambari\Desktop\expencemanager\target\classes started by Kadambari in C:\Users\Kadambari\Desktop\expencemanager)
[INFO ] 2019-09-20 12:21:51.382 [restartedMain] DemoApplication - No active profile set, falling back to default profiles: default
[INFO ] 2019-09-20 12:21:56.854 [restartedMain] DemoApplication - Started DemoApplication in 5.83 seconds (JVM running for 6.662)
[INFO ] 2019-09-20 12:21:56.856 [restartedMain] DemoApplication - This is a info message
[INFO ] 2019-09-20 12:23:11.792 [restartedMain] DemoApplication - Starting DemoApplication on KadambariH-PC-172 with PID 10676 (C:\Users\Kadambari\Desktop\expencemanager\target\classes started by Kadambari in C:\Users\Kadambari\Desktop\expencemanager)
[INFO ] 2019-09-20 12:23:11.792 [restartedMain] DemoApplication - No active profile set, falling back to default profiles: default
[INFO ] 2019-09-20 12:23:12.945 [restartedMain] DemoApplication - Started DemoApplication in 1.196 seconds (JVM running for 82.753)
[INFO ] 2019-09-20 12:23:12.947 [restartedMain] DemoApplication - This is a info message
[INFO ] 2019-09-20 12:24:18.114 [restartedMain] DemoApplication - Starting DemoApplication on KadambariH-PC-172 with PID 10676 (C:\Users\Kadambari\Desktop\expencemanager\target\classes started by Kadambari in C:\Users\Kadambari\Desktop\expencemanager)
[INFO ] 2019-09-20 12:24:18.114 [restartedMain] DemoApplication - No active profile set, falling back to default profiles: default
[INFO ] 2019-09-20 12:24:19.586 [restartedMain] DemoApplication - Started DemoApplication in 1.512 seconds (JVM running for 149.395)
[INFO ] 2019-09-20 12:24:19.588 [restartedMain] DemoApplication - This is a info message
[INFO ] 2019-09-20 12:24:38.479 [restartedMain] DemoApplication - Starting DemoApplication on KadambariH-PC-172 with PID 10676 (C:\Users\Kadambari\Desktop\expencemanager\target\classes started by Kadambari in C:\Users\Kadambari\Desktop\expencemanager)
[INFO ] 2019-09-20 12:24:38.480 [restartedMain] DemoApplication - No active profile set, falling back to default profiles: default
[INFO ] 2019-09-20 12:24:39.999 [restartedMain] DemoApplication - Started DemoApplication in 1.561 seconds (JVM running for 169.807)
[INFO ] 2019-09-20 12:24:40.001 [restartedMain] DemoApplication - This is a info message
[INFO ] 2019-09-20 12:25:02.071 [restartedMain] DemoApplication - Starting DemoApplication on KadambariH-PC-172 with PID 10676 (C:\Users\Kadambari\Desktop\expencemanager\target\classes started by Kadambari in C:\Users\Kadambari\Desktop\expencemanager)
[INFO ] 2019-09-20 12:25:02.072 [restartedMain] DemoApplication - No active profile set, falling back to default profiles: default
[INFO ] 2019-09-20 12:25:03.157 [restartedMain] DemoApplication - Started DemoApplication in 1.121 seconds (JVM running for 192.966)
[INFO ] 2019-09-20 12:25:03.161 [restartedMain] DemoApplication - This is a info message
[INFO ] 2019-09-20 12:25:48.400 [restartedMain] DemoApplication - Starting DemoApplication on KadambariH-PC-172 with PID 10676 (C:\Users\Kadambari\Desktop\expencemanager\target\classes started by Kadambari in C:\Users\Kadambari\Desktop\expencemanager)
[INFO ] 2019-09-20 12:25:48.400 [restartedMain] DemoApplication - No active profile set, falling back to default profiles: default
[INFO ] 2019-09-20 12:25:49.274 [restartedMain] DemoApplication - Started DemoApplication in 0.904 seconds (JVM running for 239.083)
[INFO ] 2019-09-20 12:25:49.278 [restartedMain] DemoApplication - This is a info message
[INFO ] 2019-09-20 12:26:21.348 [restartedMain] DemoApplication - Starting DemoApplication on KadambariH-PC-172 with PID 10676 (C:\Users\Kadambari\Desktop\expencemanager\target\classes started by Kadambari in C:\Users\Kadambari\Desktop\expencemanager)
[INFO ] 2019-09-20 12:26:21.348 [restartedMain] DemoApplication - No active profile set, falling back to default profiles: default
[INFO ] 2019-09-20 12:26:22.138 [restartedMain] DemoApplication - Started DemoApplication in 0.829 seconds (JVM running for 271.947)
[INFO ] 2019-09-20 12:26:22.140 [restartedMain] DemoApplication - This is a info message
[INFO ] 2019-09-20 12:26:25.815 [restartedMain] DemoApplication - Starting DemoApplication on KadambariH-PC-172 with PID 10676 (C:\Users\Kadambari\Desktop\expencemanager\target\classes started by Kadambari in C:\Users\Kadambari\Desktop\expencemanager)
[INFO ] 2019-09-20 12:26:25.815 [restartedMain] DemoApplication - No active profile set, falling back to default profiles: default
[INFO ] 2019-09-20 12:26:26.668 [restartedMain] DemoApplication - Started DemoApplication in 0.902 seconds (JVM running for 276.477)
[INFO ] 2019-09-20 12:26:26.672 [restartedMain] DemoApplication - This is a info message
[INFO ] 2019-09-20 12:26:58.995 [restartedMain] DemoApplication - Starting DemoApplication on KadambariH-PC-172 with PID 15968 (C:\Users\Kadambari\Desktop\expencemanager\target\classes started by Kadambari in C:\Users\Kadambari\Desktop\expencemanager)
[INFO ] 2019-09-20 12:26:59.002 [restartedMain] DemoApplication - No active profile set, falling back to default profiles: default
[INFO ] 2019-09-20 12:27:04.727 [restartedMain] DemoApplication - Started DemoApplication in 6.08 seconds (JVM running for 6.871)
[INFO ] 2019-09-20 12:27:04.729 [restartedMain] DemoApplication - This is a info message
[INFO ] 2019-09-20 12:27:25.584 [restartedMain] DemoApplication - Starting DemoApplication on KadambariH-PC-172 with PID 15968 (C:\Users\Kadambari\Desktop\expencemanager\target\classes started by Kadambari in C:\Users\Kadambari\Desktop\expencemanager)
[INFO ] 2019-09-20 12:27:25.585 [restartedMain] DemoApplication - No active profile set, falling back to default profiles: default
[INFO ] 2019-09-20 12:27:26.653 [restartedMain] DemoApplication - Started DemoApplication in 1.105 seconds (JVM running for 28.798)
[INFO ] 2019-09-20 12:27:26.655 [restartedMain] DemoApplication - This is a info message
[INFO ] 2019-09-20 12:27:55.737 [restartedMain] DemoApplication - Starting DemoApplication on KadambariH-PC-172 with PID 15968 (C:\Users\Kadambari\Desktop\expencemanager\target\classes started by Kadambari in C:\Users\Kadambari\Desktop\expencemanager)
[INFO ] 2019-09-20 12:27:55.738 [restartedMain] DemoApplication - No active profile set, falling back to default profiles: default
[INFO ] 2019-09-20 12:27:56.528 [restartedMain] DemoApplication - Started DemoApplication in 0.824 seconds (JVM running for 58.673)
[INFO ] 2019-09-20 12:27:56.531 [restartedMain] DemoApplication - This is a info message
[INFO ] 2019-09-20 12:29:45.157 [restartedMain] DemoApplication - Starting DemoApplication on KadambariH-PC-172 with PID 15968 (C:\Users\Kadambari\Desktop\expencemanager\target\classes started by Kadambari in C:\Users\Kadambari\Desktop\expencemanager)
[INFO ] 2019-09-20 12:29:45.158 [restartedMain] DemoApplication - No active profile set, falling back to default profiles: default
[INFO ] 2019-09-20 12:29:46.265 [restartedMain] DemoApplication - Started DemoApplication in 1.15 seconds (JVM running for 168.41)
[INFO ] 2019-09-20 12:29:46.267 [restartedMain] DemoApplication - This is a info message
[INFO ] 2019-09-20 12:29:57.119 [restartedMain] DemoApplication - Starting DemoApplication on KadambariH-PC-172 with PID 15968 (C:\Users\Kadambari\Desktop\expencemanager\target\classes started by Kadambari in C:\Users\Kadambari\Desktop\expencemanager)
[INFO ] 2019-09-20 12:29:57.119 [restartedMain] DemoApplication - No active profile set, falling back to default profiles: default
[INFO ] 2019-09-20 12:29:57.939 [restartedMain] DemoApplication - Started DemoApplication in 0.85 seconds (JVM running for 180.083)
[INFO ] 2019-09-20 12:29:57.942 [restartedMain] DemoApplication - This is a info message
[INFO ] 2019-09-20 12:32:34.243 [restartedMain] DemoApplication - Starting DemoApplication on KadambariH-PC-172 with PID 1332 (C:\Users\Kadambari\Desktop\expencemanager\target\classes started by Kadambari in C:\Users\Kadambari\Desktop\expencemanager)
[INFO ] 2019-09-20 12:32:34.253 [restartedMain] DemoApplication - No active profile set, falling back to default profiles: default
[INFO ] 2019-09-20 12:32:39.421 [restartedMain] DemoApplication - Started DemoApplication in 5.518 seconds (JVM running for 6.302)
[INFO ] 2019-09-20 12:32:39.423 [restartedMain] DemoApplication - This is a info message
[INFO ] 2019-09-20 12:35:59.844 [restartedMain] DemoApplication - Starting DemoApplication on KadambariH-PC-172 with PID 1332 (C:\Users\Kadambari\Desktop\expencemanager\target\classes started by Kadambari in C:\Users\Kadambari\Desktop\expencemanager)
[INFO ] 2019-09-20 12:35:59.844 [restartedMain] DemoApplication - No active profile set, falling back to default profiles: default
[INFO ] 2019-09-20 12:36:00.867 [restartedMain] DemoApplication - Started DemoApplication in 1.062 seconds (JVM running for 207.841)
[INFO ] 2019-09-20 12:36:00.872 [restartedMain] DemoApplication - This is a info message
[INFO ] 2019-09-20 13:34:32.588 [main] ExpencemanagerApplicationTests - Starting ExpencemanagerApplicationTests on KadambariH-PC-172 with PID 11044 (started by Kadambari in C:\Users\Kadambari\Desktop\expencemanager)
[INFO ] 2019-09-20 13:34:32.606 [main] ExpencemanagerApplicationTests - No active profile set, falling back to default profiles: default
[INFO ] 2019-09-20 13:34:38.058 [main] ExpencemanagerApplicationTests - Started ExpencemanagerApplicationTests in 5.696 seconds (JVM running for 6.902)
[INFO ] 2019-09-20 13:34:54.645 [restartedMain] DemoApplication - Starting DemoApplication on KadambariH-PC-172 with PID 11060 (C:\Users\Kadambari\Desktop\expencemanager\target\classes started by Kadambari in C:\Users\Kadambari\Desktop\expencemanager)
[INFO ] 2019-09-20 13:34:54.654 [restartedMain] DemoApplication - No active profile set, falling back to default profiles: default
[INFO ] 2019-09-20 13:34:59.012 [restartedMain] DemoApplication - Started DemoApplication in 4.674 seconds (JVM running for 5.436)
[INFO ] 2019-09-20 13:34:59.015 [restartedMain] DemoApplication - This is a info message
[INFO ] 2019-09-20 13:35:46.592 [restartedMain] DemoApplication - Starting DemoApplication on KadambariH-PC-172 with PID 11060 (C:\Users\Kadambari\Desktop\expencemanager\target\classes started by Kadambari in C:\Users\Kadambari\Desktop\expencemanager)
[INFO ] 2019-09-20 13:35:46.592 [restartedMain] DemoApplication - No active profile set, falling back to default profiles: default
[INFO ] 2019-09-20 13:35:47.494 [restartedMain] DemoApplication - Started DemoApplication in 0.937 seconds (JVM running for 53.918)
[INFO ] 2019-09-20 13:35:47.497 [restartedMain] DemoApplication - This is a info message
[INFO ] 2019-09-20 13:35:54.206 [restartedMain] DemoApplication - Starting DemoApplication on KadambariH-PC-172 with PID 11060 (C:\Users\Kadambari\Desktop\expencemanager\target\classes started by Kadambari in C:\Users\Kadambari\Desktop\expencemanager)
[INFO ] 2019-09-20 13:35:54.207 [restartedMain] DemoApplication - No active profile set, falling back to default profiles: default
[INFO ] 2019-09-20 13:35:54.996 [restartedMain] DemoApplication - Started DemoApplication in 0.824 seconds (JVM running for 61.42)
[INFO ] 2019-09-20 13:35:54.999 [restartedMain] DemoApplication - This is a info message
[INFO ] 2019-09-20 13:36:56.826 [restartedMain] DemoApplication - Starting DemoApplication on KadambariH-PC-172 with PID 11060 (C:\Users\Kadambari\Desktop\expencemanager\target\classes started by Kadambari in C:\Users\Kadambari\Desktop\expencemanager)
[INFO ] 2019-09-20 13:36:56.826 [restartedMain] DemoApplication - No active profile set, falling back to default profiles: default
[INFO ] 2019-09-20 13:36:57.602 [restartedMain] DemoApplication - Started DemoApplication in 0.807 seconds (JVM running for 124.027)
[INFO ] 2019-09-20 13:36:57.604 [restartedMain] DemoApplication - This is a info message
[INFO ] 2019-09-20 13:36:59.226 [restartedMain] DemoApplication - Starting DemoApplication on KadambariH-PC-172 with PID 11060 (C:\Users\Kadambari\Desktop\expencemanager\target\classes started by Kadambari in C:\Users\Kadambari\Desktop\expencemanager)
[INFO ] 2019-09-20 13:36:59.226 [restartedMain] DemoApplication - No active profile set, falling back to default profiles: default
[INFO ] 2019-09-20 13:37:00.062 [restartedMain] DemoApplication - Started DemoApplication in 0.869 seconds (JVM running for 126.486)
[INFO ] 2019-09-20 13:37:00.064 [restartedMain] DemoApplication - This is a info message
[INFO ] 2019-09-20 13:37:54.761 [restartedMain] DemoApplication - Starting DemoApplication on KadambariH-PC-172 with PID 11060 (C:\Users\Kadambari\Desktop\expencemanager\target\classes started by Kadambari in C:\Users\Kadambari\Desktop\expencemanager)
[INFO ] 2019-09-20 13:37:54.761 [restartedMain] DemoApplication - No active profile set, falling back to default profiles: default
[INFO ] 2019-09-20 13:37:55.466 [restartedMain] DemoApplication - Started DemoApplication in 0.732 seconds (JVM running for 181.89)
[INFO ] 2019-09-20 13:37:55.467 [restartedMain] DemoApplication - This is a info message
[INFO ] 2019-09-20 13:38:01.174 [restartedMain] DemoApplication - Starting DemoApplication on KadambariH-PC-172 with PID 11060 (C:\Users\Kadambari\Desktop\expencemanager\target\classes started by Kadambari in C:\Users\Kadambari\Desktop\expencemanager)
[INFO ] 2019-09-20 13:38:01.175 [restartedMain] DemoApplication - No active profile set, falling back to default profiles: default
[INFO ] 2019-09-20 13:38:01.885 [restartedMain] DemoApplication - Started DemoApplication in 0.741 seconds (JVM running for 188.31)
[INFO ] 2019-09-20 13:38:01.887 [restartedMain] DemoApplication - This is a info message
[INFO ] 2019-09-20 13:38:39.260 [restartedMain] DemoApplication - Starting DemoApplication on KadambariH-PC-172 with PID 11060 (C:\Users\Kadambari\Desktop\expencemanager\target\classes started by Kadambari in C:\Users\Kadambari\Desktop\expencemanager)
[INFO ] 2019-09-20 13:38:39.260 [restartedMain] DemoApplication - No active profile set, falling back to default profiles: default
[INFO ] 2019-09-20 13:38:39.895 [restartedMain] DemoApplication - Started DemoApplication in 0.664 seconds (JVM running for 226.32)
[INFO ] 2019-09-20 13:38:39.897 [restartedMain] DemoApplication - This is a info message
[INFO ] 2019-09-20 16:19:28.579 [restartedMain] DemoApplication - Starting DemoApplication on KadambariH-PC-172 with PID 11352 (C:\Users\Kadambari\Desktop\expencemanager\target\classes started by Kadambari in C:\Users\Kadambari\Desktop\expencemanager)
[INFO ] 2019-09-20 16:19:28.599 [restartedMain] DemoApplication - No active profile set, falling back to default profiles: default
[INFO ] 2019-09-20 16:23:22.721 [restartedMain] DemoApplication - Starting DemoApplication on KadambariH-PC-172 with PID 9092 (C:\Users\Kadambari\Desktop\expencemanager\target\classes started by Kadambari in C:\Users\Kadambari\Desktop\expencemanager)
[INFO ] 2019-09-20 16:23:22.733 [restartedMain] DemoApplication - No active profile set, falling back to default profiles: default
[INFO ] 2019-09-20 16:23:27.321 [restartedMain] DemoApplication - Started DemoApplication in 4.89 seconds (JVM running for 5.666)
[INFO ] 2019-09-20 16:23:27.321 [restartedMain] DemoApplication - This is a info message
[INFO ] 2019-09-20 16:26:10.166 [restartedMain] DemoApplication - Starting DemoApplication on KadambariH-PC-172 with PID 9092 (C:\Users\Kadambari\Desktop\expencemanager\target\classes started by Kadambari in C:\Users\Kadambari\Desktop\expencemanager)
[INFO ] 2019-09-20 16:26:10.166 [restartedMain] DemoApplication - No active profile set, falling back to default profiles: default
[INFO ] 2019-09-20 16:26:11.100 [restartedMain] DemoApplication - Started DemoApplication in 0.979 seconds (JVM running for 169.452)
[INFO ] 2019-09-20 16:26:11.100 [restartedMain] DemoApplication - This is a info message
[INFO ] 2019-09-20 16:26:17.883 [restartedMain] DemoApplication - Starting DemoApplication on KadambariH-PC-172 with PID 9092 (C:\Users\Kadambari\Desktop\expencemanager\target\classes started by Kadambari in C:\Users\Kadambari\Desktop\expencemanager)
[INFO ] 2019-09-20 16:26:17.884 [restartedMain] DemoApplication - No active profile set, falling back to default profiles: default
[INFO ] 2019-09-20 16:26:18.971 [restartedMain] DemoApplication - Started DemoApplication in 1.127 seconds (JVM running for 177.317)
[INFO ] 2019-09-20 16:26:18.973 [restartedMain] DemoApplication - This is a info message
